<?xml version="1.0" encoding="UTF-8"?>
<!-- Generated by org.testng.reporters.JUnitXMLReporter -->
<testsuite ignored="0" hostname="LAPTOP-J2TOIKUA" failures="1" tests="3" name="Error Validation Test" time="19.968" errors="0" timestamp="2023-11-02T20:39:34 IST">
  <testcase classname="FrameworkDesign.tests.ErrorValidationTest" name="loginErrorValidation" time="0.727">
    <skipped/>
  </testcase> <!-- loginErrorValidation -->
  <testcase classname="FrameworkDesign.tests.ErrorValidationTest" name="loginErrorValidation" time="0.667">
    <failure type="java.lang.AssertionError" message="expected [Incorrect email or password.] but found [Incorrect email  password.]">
      <![CDATA[java.lang.AssertionError: expected [Incorrect email or password.] but found [Incorrect email  password.]
at FrameworkDesign.tests.ErrorValidationTest.loginErrorValidation(ErrorValidationTest.java:20)
at java.base/java.util.ArrayList.forEach(ArrayList.java:1511)
at java.base/java.util.concurrent.FutureTask.run(FutureTask.java:264)
at java.base/java.util.concurrent.ThreadPoolExecutor.runWorker(ThreadPoolExecutor.java:1136)
at java.base/java.util.concurrent.ThreadPoolExecutor$Worker.run(ThreadPoolExecutor.java:635)
at java.base/java.lang.Thread.run(Thread.java:833)
... Removed 23 stack frames]]>
    </failure>
  </testcase> <!-- loginErrorValidation -->
  <testcase classname="FrameworkDesign.tests.ErrorValidationTest" name="productErrorValidation" time="2.287"/>
</testsuite> <!-- Error Validation Test -->
